<?xml version="1.0" encoding="UTF-8"?>
<!-- Generated by org.testng.reporters.JUnitXMLReporter -->
<testsuite hostname="FVFY201PHV2H" name="Test2" tests="3" failures="1" timestamp="17 May 2020 12:10:50 GMT" time="11.029" errors="0">
  <testcase name="verifySelectedFilterOptions" time="2.166" classname="Filter.TC02_Filter_StudentRequests"/>
  <testcase name="verifyFilterRequestsResult" time="0.337" classname="Filter.TC02_Filter_StudentRequests">
    <failure type="java.lang.AssertionError" message="expected [Approved] but found [Inactive]">
      <![CDATA[java.lang.AssertionError: expected [Approved] but found [Inactive]
	at Filter.TC02_Filter_StudentRequests.verifyFilterRequestsResult(TC02_Filter_StudentRequests.java:31)
... Removed 29 stack frames]]>
    </failure>
  </testcase> <!-- verifyFilterRequestsResult -->
  <testcase name="test3" time="0.003" classname="Filter.TC02_Filter_StudentRequests"/>
</testsuite> <!-- Test2 -->
