<?xml version="1.0" encoding="UTF-8"?>
<!-- Generated by org.testng.reporters.JUnitXMLReporter -->
<testsuite hostname="FVFY201PHV2H" name="Test" tests="5" failures="1" timestamp="21 May 2020 03:52:23 GMT" time="59.81" errors="0">
  <testcase name="loginTest" time="13.538" classname="Requests.RunTests"/>
  <testcase name="verifyInactiveFilterRequest" time="13.93" classname="Requests.RunTests">
    <failure type="java.lang.AssertionError" message="expected [true] but found [false]">
      <![CDATA[java.lang.AssertionError: expected [true] but found [false]
	at Requests.RunTests.verifyInactiveFilterRequest(RunTests.java:42)
... Removed 28 stack frames]]>
    </failure>
  </testcase> <!-- verifyInactiveFilterRequest -->
  <testcase name="verifyDescendingOrderFirstName" time="13.661" classname="Requests.RunTests"/>
  <testcase name="verifyAscendingOrderFirstName" time="15.398" classname="Requests.RunTests"/>
  <testcase name="getPosts" time="3.249" classname="Requests.RunTests"/>
</testsuite> <!-- Test -->
