<?xml version="1.0" encoding="UTF-8"?>
<!-- Generated by org.testng.reporters.JUnitXMLReporter -->
<testsuite hostname="FVFY201PHV2H" name="Filter Inactive" tests="2" failures="1" timestamp="20 May 2020 14:05:34 GMT" time="132.082" errors="0">
  <testcase name="verifySelectedFilterOptions" time="2.665" classname="StudentRequests.TC02_Filter_InactiveRequestsTest"/>
  <testcase name="verifyFilterRequestsResult" time="104.698" classname="StudentRequests.TC02_Filter_InactiveRequestsTest">
    <failure type="org.openqa.selenium.TimeoutException" message="Expected condition failed: waiting for presence of any elements located by By.xpath: //table/tbody/tr/td[1] (tried for 100 second(s) with 500 milliseconds interval)
Build info: version: &amp;apos;3.141.59&amp;apos;, revision: &amp;apos;e82be7d358&amp;apos;, time: &amp;apos;2018-11-14T08:17:03&amp;apos;
System info: host: &amp;apos;FVFY201PHV2H&amp;apos;, ip: &amp;apos;2001:ee0:4f0e:df80:fd4f:6b0c:6907:e227%en0&amp;apos;, os.name: &amp;apos;Mac OS X&amp;apos;, os.arch: &amp;apos;x86_64&amp;apos;, os.version: &amp;apos;10.14.6&amp;apos;, java.version: &amp;apos;1.8.0_251&amp;apos;
Driver info: org.openqa.selenium.firefox.FirefoxDriver
Capabilities {acceptInsecureCerts: true, browserName: firefox, browserVersion: 76.0.1, javascriptEnabled: true, moz:accessibilityChecks: false, moz:buildID: 20200507114007, moz:geckodriverVersion: 0.26.0, moz:headless: false, moz:processID: 1960, moz:profile: /var/folders/2q/yxcf616501x..., moz:shutdownTimeout: 60000, moz:useNonSpecCompliantPointerOrigin: false, moz:webdriverClick: true, pageLoadStrategy: normal, platform: MAC, platformName: MAC, platformVersion: 18.7.0, rotatable: false, setWindowRect: true, strictFileInteractability: false, timeouts: {implicit: 0, pageLoad: 300000, script: 30000}, unhandledPromptBehavior: dismiss and notify}
Session ID: bc3e1c89-204b-584f-86d5-977abc4e5387">
      <![CDATA[org.openqa.selenium.TimeoutException: Expected condition failed: waiting for presence of any elements located by By.xpath: //table/tbody/tr/td[1] (tried for 100 second(s) with 500 milliseconds interval)
Build info: version: '3.141.59', revision: 'e82be7d358', time: '2018-11-14T08:17:03'
System info: host: 'FVFY201PHV2H', ip: '2001:ee0:4f0e:df80:fd4f:6b0c:6907:e227%en0', os.name: 'Mac OS X', os.arch: 'x86_64', os.version: '10.14.6', java.version: '1.8.0_251'
Driver info: org.openqa.selenium.firefox.FirefoxDriver
Capabilities {acceptInsecureCerts: true, browserName: firefox, browserVersion: 76.0.1, javascriptEnabled: true, moz:accessibilityChecks: false, moz:buildID: 20200507114007, moz:geckodriverVersion: 0.26.0, moz:headless: false, moz:processID: 1960, moz:profile: /var/folders/2q/yxcf616501x..., moz:shutdownTimeout: 60000, moz:useNonSpecCompliantPointerOrigin: false, moz:webdriverClick: true, pageLoadStrategy: normal, platform: MAC, platformName: MAC, platformVersion: 18.7.0, rotatable: false, setWindowRect: true, strictFileInteractability: false, timeouts: {implicit: 0, pageLoad: 300000, script: 30000}, unhandledPromptBehavior: dismiss and notify}
Session ID: bc3e1c89-204b-584f-86d5-977abc4e5387
	at org.openqa.selenium.support.ui.WebDriverWait.timeoutException(WebDriverWait.java:95)
	at org.openqa.selenium.support.ui.FluentWait.until(FluentWait.java:272)
	at Utils.Controls.findElements(Controls.java:35)
	at Pages.StudentRequestPage.isInactiveRequests(StudentRequestPage.java:33)
	at StudentRequests.TC02_Filter_InactiveRequestsTest.verifyFilterRequestsResult(TC02_Filter_InactiveRequestsTest.java:26)
... Removed 24 stack frames]]>
    </failure>
  </testcase> <!-- verifyFilterRequestsResult -->
</testsuite> <!-- Filter Inactive -->
